<?xml version="1.0" encoding="UTF-8"?>
<!-- Generated by org.testng.reporters.JUnitReportReporter -->
<testsuite hostname="LapWinX-DAC5" failures="0" tests="1" name="Clarity_URL.BulkUrl" time="23.080" errors="0" timestamp="2024-12-05T00:48:02 IST" skipped="0">
  <testcase classname="Clarity_URL.BulkUrl" name="Clarity_GetDataFinal" time="23.080"/>
  <system-out/>
</testsuite> <!-- Clarity_URL.BulkUrl -->
