<?xml version="1.0" encoding="UTF-8"?>
<!-- Generated by org.testng.reporters.JUnitReportReporter -->
<testsuite hostname="LapWinX-GE017" failures="0" tests="1" name="Clarity_URL.Urls" time="126.147" errors="0" timestamp="2025-01-27T13:46:22 IST" skipped="0">
  <testcase classname="Clarity_URL.Urls" name="Clarity_GetDataFinal" time="126.147"/>
  <system-out/>
</testsuite> <!-- Clarity_URL.Urls -->
