<?xml version="1.0" encoding="UTF-8"?>
<!-- Generated by org.testng.reporters.JUnitReportReporter -->
<testsuite hostname="LapWinX-DAC5" failures="0" tests="1" name="Clarity_GetData.Clarity_GetDataFinal_Updated_Active" time="3242.652" errors="0" timestamp="2024-06-07T17:39:39 IST" skipped="0">
  <testcase classname="Clarity_GetData.Clarity_GetDataFinal_Updated_Active" name="Clarity_GetDataFinal" time="3242.652"/>
  <system-out/>
</testsuite> <!-- Clarity_GetData.Clarity_GetDataFinal_Updated_Active -->
