<?xml version="1.0" encoding="UTF-8"?>
<!-- Generated by org.testng.reporters.JUnitReportReporter -->
<testsuite hostname="LapWinX-GE017" failures="0" tests="1" name="Clarity_GetData.Clarity_MonthlyReport_withURL" time="92.745" errors="0" timestamp="2025-01-27T14:32:02 IST" skipped="0">
  <testcase classname="Clarity_GetData.Clarity_MonthlyReport_withURL" name="Clarity_GetDataFinal" time="92.745"/>
  <system-out/>
</testsuite> <!-- Clarity_GetData.Clarity_MonthlyReport_withURL -->
