<?xml version="1.0" encoding="UTF-8"?>
<!-- Generated by org.testng.reporters.JUnitReportReporter -->
<testsuite hostname="SYSWX-D02" failures="0" tests="1" name="Clarity_GetData.Clarity_MonthlyReport_withURL2" time="293.134" errors="0" timestamp="2024-07-03T14:35:12 IST" skipped="0">
  <testcase classname="Clarity_GetData.Clarity_MonthlyReport_withURL2" name="Clarity_GetDataFinal" time="293.134"/>
  <system-out/>
</testsuite> <!-- Clarity_GetData.Clarity_MonthlyReport_withURL2 -->
